Arguments: 
  /nix/store/6bca9blsbyfcgfwip4ywnw5y33nqw92g-nodejs-18.17.1/bin/node /Users/david.mejorado/.nix-profile/bin/yarn init

PATH: 
  /Users/david.mejorado/.gem/ruby/3.0.6/bin:/Users/david.mejorado/.rubies/ruby-3.0.6/lib/ruby/gems/3.0.0/bin:/Users/david.mejorado/.rubies/ruby-3.0.6/bin:/nix/store/3cpc80w3j2iglwm1i4i1pjxjqqd8grrb-zplug-2.4.2/share/zplug/bin:/Users/david.mejorado/.zplug/bin:/Users/david.mejorado/.nix-profile/bin:/nix/var/nix/profiles/default/bin:/Users/david.mejorado/.bun/bin:/Users/david.mejorado/.luarocks/bin:/Users/david.mejorado/.cargo/bin:/Users/david.mejorado/.local/bin:/Users/david.mejorado/.pyenv/shims:/Users/david.mejorado/Projects/remix/bin:/Users/david.mejorado/Projects/remix/mobility-cloister/bin:/Applications/Visual Studio Code.app/Contents/Resources/app/bin:/Users/david.mejorado/Tools/bin:/Users/david.mejorado/.local/share/nvim/mason/bin:/Users/david.mejorado/.gem/ruby/3.0.6/bin:/opt/homebrew/bin:/opt/homebrew/sbin:/shims:/run/current-system/sw/bin:/usr/local/bin:/usr/bin:/usr/sbin:/bin:/sbin:/nix/store/vvam34qrd397g5aih2srrq7k0d2ymarb-neovim-ruby-env/bin

Yarn version: 
  1.22.19

Node version: 
  18.17.1

Platform: 
  darwin arm64

Trace: 
  Error: canceled
      at Interface.<anonymous> (/nix/store/a1a71dswis3mncjl6szlscs09215mrx3-yarn-1.22.19/libexec/yarn/lib/cli.js:137150:13)
      at Interface.emit (node:events:514:28)
      at [_ttyWrite] [as _ttyWrite] (node:internal/readline/interface:1131:18)
      at ReadStream.onkeypress (node:internal/readline/interface:270:20)
      at ReadStream.emit (node:events:514:28)
      at emitKeys (node:internal/readline/utils:357:14)
      at emitKeys.next (<anonymous>)
      at ReadStream.onData (node:internal/readline/emitKeypressEvents:64:36)
      at ReadStream.emit (node:events:514:28)
      at addChunk (node:internal/streams/readable:324:12)

npm manifest: 
  No manifest

yarn manifest: 
  No manifest

Lockfile: 
  No lockfile
